#
# A fatal error has been detected by the Java Runtime Environment:
#
#  EXCEPTION_ACCESS_VIOLATION (0xc0000005) at pc=0x023c1505, pid=11856, tid=0x00000514
#
# JRE version: Java(TM) SE Runtime Environment (8.0_131-b11) (build 1.8.0_131-b11)
# Java VM: Java HotSpot(TM) Client VM (25.131-b11 mixed mode windows-x86 )
# Problematic frame:
# C  [rocksaw.dll+0x1505]
#
# Failed to write core dump. Minidumps are not enabled by default on client versions of Windows
#
# If you would like to submit a bug report, please visit:
#   http://bugreport.java.com/bugreport/crash.jsp
# The crash happened outside the Java Virtual Machine in native code.
# See problematic frame for where to report the bug.
#

---------------  T H R E A D  ---------------

Current thread (0x023dc800):  JavaThread "main" [_thread_in_native, id=1300, stack(0x020e0000,0x02130000)]

siginfo: ExceptionCode=0xc0000005, reading address 0x00000008

Registers:
EAX=0x00000001, EBX=0x148331d0, ECX=0x00000000, EDX=0x14af9728
ESP=0x0212f7c0, EBP=0x0212f7c8, ESI=0x148331d0, EDI=0x023dc800
EIP=0x023c1505, EFLAGS=0x00010206

Top of Stack: (sp=0x0212f7c0)
0x0212f7c0:   14b75bc8 00000000 0212f800 025ed3d3
0x0212f7d0:   023dc940 0212f808 0212f810 025ed1c6
0x0212f7e0:   0212f7e0 148331d0 0212f810 14834ef8
0x0212f7f0:   00000000 148331d0 00000000 0212f810
0x0212f800:   0212f83c 025e44e0 047cb5c8 025e9d09
0x0212f810:   047d93a8 00000017 047d55a0 0212f81c
0x0212f820:   1483224e 0212f850 14832410 00000000
0x0212f830:   148322c0 0212f810 0212f850 0212f868 

Instructions: (pc=0x023c1505)
0x023c14e5:   60 3c 02 89 45 fc 8b 55 f8 52 8b 45 10 50 8b 4d
0x023c14f5:   08 51 8b 55 08 8b 02 ff 90 a8 02 00 00 8b 4d fc
0x023c1505:   0f bf 41 08 8b e5 5d c2 0c 00 cc 55 8b ec 81 ec
0x023c1515:   b4 00 00 00 c7 45 d8 00 00 00 00 83 7d 14 02 75 


Register to memory mapping:

EAX=0x00000001 is an unknown value
EBX={method} {0x148331d4} 'getProtocolByName' '(Ljava/lang/String;)I' in 'com/savarese/rocksaw/net/RawSocket'
ECX=0x00000000 is an unknown value
EDX=0x14af9728 is an unknown value
ESP=0x0212f7c0 is pointing into the stack for thread: 0x023dc800
EBP=0x0212f7c8 is pointing into the stack for thread: 0x023dc800
ESI={method} {0x148331d4} 'getProtocolByName' '(Ljava/lang/String;)I' in 'com/savarese/rocksaw/net/RawSocket'
EDI=0x023dc800 is a thread


Stack: [0x020e0000,0x02130000],  sp=0x0212f7c0,  free space=317k
Native frames: (J=compiled Java code, j=interpreted, Vv=VM code, C=native code)
C  [rocksaw.dll+0x1505]
j  com.savarese.rocksaw.net.RawSocket.getProtocolByName(Ljava/lang/String;)I+0
j  Client.main([Ljava/lang/String;)V+14
v  ~StubRoutines::call_stub
V  [jvm.dll+0x15af45]
V  [jvm.dll+0x2213ae]
V  [jvm.dll+0x15afde]
V  [jvm.dll+0xdcb97]
V  [jvm.dll+0xe512f]
C  [java.exe+0x229e]
C  [java.exe+0xae9f]
C  [java.exe+0xaf29]
C  [KERNEL32.DLL+0x18744]
C  [ntdll.dll+0x6587d]
C  [ntdll.dll+0x6584d]
C  0x00000000

Java frames: (J=compiled Java code, j=interpreted, Vv=VM code)
j  com.savarese.rocksaw.net.RawSocket.getProtocolByName(Ljava/lang/String;)I+0
j  Client.main([Ljava/lang/String;)V+14
v  ~StubRoutines::call_stub

---------------  P R O C E S S  ---------------

Java Threads: ( => current thread )
  0x14aca800 JavaThread "Service Thread" daemon [_thread_blocked, id=8576, stack(0x150b0000,0x15100000)]
  0x14af8c00 JavaThread "C1 CompilerThread0" daemon [_thread_blocked, id=8920, stack(0x15020000,0x15070000)]
  0x14af8000 JavaThread "Monitor Ctrl-Break" daemon [_thread_in_native, id=12120, stack(0x14f90000,0x14fe0000)]
  0x14a8cc00 JavaThread "Attach Listener" daemon [_thread_blocked, id=8184, stack(0x14f00000,0x14f50000)]
  0x14a8b000 JavaThread "Signal Dispatcher" daemon [_thread_blocked, id=8980, stack(0x14e70000,0x14ec0000)]
  0x14a7a000 JavaThread "Finalizer" daemon [_thread_blocked, id=3992, stack(0x14cf0000,0x14d40000)]
  0x14a64400 JavaThread "Reference Handler" daemon [_thread_blocked, id=11748, stack(0x14c60000,0x14cb0000)]
=>0x023dc800 JavaThread "main" [_thread_in_native, id=1300, stack(0x020e0000,0x02130000)]

Other Threads:
  0x024dd000 VMThread [stack: 0x02540000,0x02590000] [id=8964]
  0x14b6fc00 WatcherThread [stack: 0x15140000,0x15190000] [id=5132]

VM state:not at safepoint (normal execution)

VM Mutex/Monitor currently owned by a thread: None

Heap:
 def new generation   total 4928K, used 1917K [0x04600000, 0x04b50000, 0x09b50000)
  eden space 4416K,  43% used [0x04600000, 0x047df448, 0x04a50000)
  from space 512K,   0% used [0x04a50000, 0x04a50000, 0x04ad0000)
  to   space 512K,   0% used [0x04ad0000, 0x04ad0000, 0x04b50000)
 tenured generation   total 10944K, used 0K [0x09b50000, 0x0a600000, 0x14600000)
   the space 10944K,   0% used [0x09b50000, 0x09b50000, 0x09b50200, 0x0a600000)
 Metaspace       used 2245K, capacity 2280K, committed 2368K, reserved 4480K

Card table byte_map: [0x02320000,0x023b0000] byte_map_base: 0x022fd000

Polling page: 0x008d0000

CodeCache: size=32768Kb used=683Kb max_used=683Kb free=32084Kb
 bounds [0x025e0000, 0x02690000, 0x045e0000]
 total_blobs=164 nmethods=23 adapters=73
 compilation: enabled

Compilation events (10 events):
Event: 0.201 Thread 0x14af8c00   18             java.lang.AbstractStringBuilder::append (29 bytes)
Event: 0.201 Thread 0x14af8c00 nmethod 18 0x02688348 code [0x02688460, 0x02688668]
Event: 0.203 Thread 0x14af8c00   19             sun.nio.cs.UTF_8$Encoder::encode (359 bytes)
Event: 0.204 Thread 0x14af8c00 nmethod 19 0x02688808 code [0x02688950, 0x02688d98]
Event: 0.204 Thread 0x14af8c00   20             java.lang.String::replace (127 bytes)
Event: 0.204 Thread 0x14af8c00 nmethod 20 0x02689288 code [0x026893a0, 0x02689620]
Event: 0.206 Thread 0x14af8c00   21             java.lang.String::lastIndexOf (52 bytes)
Event: 0.206 Thread 0x14af8c00 nmethod 21 0x02689b48 code [0x02689c50, 0x02689d5c]
Event: 0.208 Thread 0x14af8c00   23             sun.net.www.ParseUtil::encodePath (336 bytes)
Event: 0.209 Thread 0x14af8c00 nmethod 23 0x02689e48 code [0x02689ff0, 0x0268a6b8]

GC Heap History (0 events):
No events

Deoptimization events (0 events):
No events

Internal exceptions (2 events):
Event: 0.073 Thread 0x023dc800 Exception <a 'java/lang/NoSuchMethodError': Method sun.misc.Unsafe.defineClass(Ljava/lang/String;[BII)Ljava/lang/Class; name or signature does not match> (0x04606e98) thrown at [C:\re\workspace\8-2-build-windows-i586-cygwin\jdk8u131\8869\hotspot\src\share
Event: 0.073 Thread 0x023dc800 Exception <a 'java/lang/NoSuchMethodError': Method sun.misc.Unsafe.prefetchRead(Ljava/lang/Object;J)V name or signature does not match> (0x04607168) thrown at [C:\re\workspace\8-2-build-windows-i586-cygwin\jdk8u131\8869\hotspot\src\share\vm\prims\jni.cpp,

Events (10 events):
Event: 0.207 loading class java/lang/ApplicationShutdownHooks$1
Event: 0.207 loading class java/lang/ApplicationShutdownHooks$1 done
Event: 0.207 loading class java/lang/Shutdown
Event: 0.207 loading class java/lang/Shutdown done
Event: 0.207 loading class java/lang/Shutdown$Lock
Event: 0.207 loading class java/lang/Shutdown$Lock done
Event: 0.207 loading class java/util/IdentityHashMap
Event: 0.207 loading class java/util/IdentityHashMap done
Event: 0.208 loading class com/savarese/rocksaw/net/RawSocket$TimeVal
Event: 0.208 loading class com/savarese/rocksaw/net/RawSocket$TimeVal done


Dynamic libraries:
0x00040000 - 0x00073000 	C:\Program Files (x86)\Java\jdk1.8.0_131\bin\java.exe
0x76ec0000 - 0x7704e000 	C:\WINDOWS\SYSTEM32\ntdll.dll
0x739b0000 - 0x73a80000 	C:\WINDOWS\System32\KERNEL32.DLL
0x75a80000 - 0x75c42000 	C:\WINDOWS\System32\KERNELBASE.dll
0x71940000 - 0x719d3000 	C:\WINDOWS\SYSTEM32\apphelp.dll
0x75ed0000 - 0x75f47000 	C:\WINDOWS\System32\ADVAPI32.dll
0x75e10000 - 0x75ecd000 	C:\WINDOWS\System32\msvcrt.dll
0x74360000 - 0x743a1000 	C:\WINDOWS\System32\sechost.dll
0x75870000 - 0x75930000 	C:\WINDOWS\System32\RPCRT4.dll
0x73990000 - 0x739b0000 	C:\WINDOWS\System32\SspiCli.dll
0x73980000 - 0x7398a000 	C:\WINDOWS\System32\CRYPTBASE.dll
0x742d0000 - 0x74327000 	C:\WINDOWS\System32\bcryptPrimitives.dll
0x76540000 - 0x7667c000 	C:\WINDOWS\System32\USER32.dll
0x75c50000 - 0x75c66000 	C:\WINDOWS\System32\win32u.dll
0x74330000 - 0x74351000 	C:\WINDOWS\System32\GDI32.dll
0x76680000 - 0x767d9000 	C:\WINDOWS\System32\gdi32full.dll
0x76e40000 - 0x76eb9000 	C:\WINDOWS\System32\msvcp_win.dll
0x74130000 - 0x74248000 	C:\WINDOWS\System32\ucrtbase.dll
0x73640000 - 0x7384e000 	C:\WINDOWS\WinSxS\x86_microsoft.windows.common-controls_6595b64144ccf1df_6.0.15063.0_none_583b8639f462029f\COMCTL32.dll
0x76c00000 - 0x76e38000 	C:\WINDOWS\System32\combase.dll
0x73a80000 - 0x73aa5000 	C:\WINDOWS\System32\IMM32.DLL
0x72ee0000 - 0x72f9f000 	C:\Program Files (x86)\Java\jdk1.8.0_131\jre\bin\msvcr100.dll
0x5e160000 - 0x5e52e000 	C:\Program Files (x86)\Java\jdk1.8.0_131\jre\bin\client\jvm.dll
0x75f50000 - 0x75f56000 	C:\WINDOWS\System32\PSAPI.DLL
0x73930000 - 0x73938000 	C:\WINDOWS\SYSTEM32\WSOCK32.dll
0x76050000 - 0x760b7000 	C:\WINDOWS\System32\WS2_32.dll
0x71c60000 - 0x71c84000 	C:\WINDOWS\SYSTEM32\WINMM.dll
0x73970000 - 0x73978000 	C:\WINDOWS\SYSTEM32\VERSION.dll
0x71b50000 - 0x71b73000 	C:\WINDOWS\SYSTEM32\WINMMBASE.dll
0x763f0000 - 0x76429000 	C:\WINDOWS\System32\cfgmgr32.dll
0x72ed0000 - 0x72edc000 	C:\Program Files (x86)\Java\jdk1.8.0_131\jre\bin\verify.dll
0x72ea0000 - 0x72ec1000 	C:\Program Files (x86)\Java\jdk1.8.0_131\jre\bin\java.dll
0x72e60000 - 0x72e80000 	C:\Program Files (x86)\Java\jdk1.8.0_131\jre\bin\instrument.dll
0x72e80000 - 0x72e93000 	C:\Program Files (x86)\Java\jdk1.8.0_131\jre\bin\zip.dll
0x74520000 - 0x75868000 	C:\WINDOWS\System32\SHELL32.dll
0x75fc0000 - 0x7604c000 	C:\WINDOWS\System32\shcore.dll
0x73b50000 - 0x740d4000 	C:\WINDOWS\System32\windows.storage.dll
0x74260000 - 0x742a5000 	C:\WINDOWS\System32\shlwapi.dll
0x76430000 - 0x7643e000 	C:\WINDOWS\System32\kernel.appcore.dll
0x740e0000 - 0x74125000 	C:\WINDOWS\System32\powrprof.dll
0x742c0000 - 0x742d0000 	C:\WINDOWS\System32\profapi.dll
0x72e40000 - 0x72e56000 	C:\Program Files\JetBrains\IntelliJ IDEA 2017.1.2\bin\breakgen.dll
0x72e20000 - 0x72e36000 	C:\Program Files (x86)\Java\jdk1.8.0_131\jre\bin\net.dll
0x71820000 - 0x7186e000 	C:\WINDOWS\system32\mswsock.dll
0x023c0000 - 0x023ca000 	D:\Repositories\Network Assignment\lib\rocksaw.dll
0x731e0000 - 0x7333d000 	C:\WINDOWS\SYSTEM32\dbghelp.dll

VM Arguments:
jvm_args: -Djava.library.path=D:\Repositories\Network Assignment\lib -javaagent:C:\Program Files\JetBrains\IntelliJ IDEA 2017.1.2\lib\idea_rt.jar=51793:C:\Program Files\JetBrains\IntelliJ IDEA 2017.1.2\bin -Dfile.encoding=UTF-8 
java_command: Client 32000
java_class_path (initial): C:\Program Files (x86)\Java\jdk1.8.0_131\jre\lib\charsets.jar;C:\Program Files (x86)\Java\jdk1.8.0_131\jre\lib\deploy.jar;C:\Program Files (x86)\Java\jdk1.8.0_131\jre\lib\ext\access-bridge-32.jar;C:\Program Files (x86)\Java\jdk1.8.0_131\jre\lib\ext\cldrdata.jar;C:\Program Files (x86)\Java\jdk1.8.0_131\jre\lib\ext\dnsns.jar;C:\Program Files (x86)\Java\jdk1.8.0_131\jre\lib\ext\jaccess.jar;C:\Program Files (x86)\Java\jdk1.8.0_131\jre\lib\ext\jfxrt.jar;C:\Program Files (x86)\Java\jdk1.8.0_131\jre\lib\ext\localedata.jar;C:\Program Files (x86)\Java\jdk1.8.0_131\jre\lib\ext\nashorn.jar;C:\Program Files (x86)\Java\jdk1.8.0_131\jre\lib\ext\sunec.jar;C:\Program Files (x86)\Java\jdk1.8.0_131\jre\lib\ext\sunjce_provider.jar;C:\Program Files (x86)\Java\jdk1.8.0_131\jre\lib\ext\sunmscapi.jar;C:\Program Files (x86)\Java\jdk1.8.0_131\jre\lib\ext\sunpkcs11.jar;C:\Program Files (x86)\Java\jdk1.8.0_131\jre\lib\ext\zipfs.jar;C:\Program Files (x86)\Java\jdk1.8.0_131\jre\lib\javaws.jar;C:\Program Files (x86)\Java\jdk1.8.0_131\jre\lib\jce.jar;C:\Program Files (x86)\Java\jdk1.8.0_131\jre\lib\jfr.jar;C:\Program Files (x86)\Java\jdk1.8.0_131\jre\lib\jfxswt.jar;C:\Program Files (x86)\Java\jdk1.8.0_131\jre\lib\jsse.jar;C:\Program Files (x86)\Java\jdk1.8.0_131\jre\lib\management-agent.jar;C:\Program Files (x86)\Java\jdk1.8.0_131\jre\lib\plugin.jar;C:\Program Files (x86)\Java\jdk1.8.0_131\jre\lib\resources.jar;C:\Program Files (x86)\Java\jdk1.8.0_131\jre\lib\rt.jar;D:\Repositories\Network Assignment\out\production\Network Assignment;D:\Repositories\Network Assignment\lib\rocksaw-1.0.1.jar;C:\Program Files\JetBrains\IntelliJ IDEA 2017.1.2\lib\idea_rt.jar
Launcher Type: SUN_STANDARD

Environment Variables:
PATH=C:\ProgramData\Oracle\Java\javapath;C:\Windows\system32;C:\Windows;C:\Windows\System32\Wbem;C:\Windows\System32\WindowsPowerShell\v1.0\;C:\Program Files (x86)\NVIDIA Corporation\PhysX\Common;C:\Android;C:\Program Files\Git\cmd;C:\WINDOWS\system32;C:\WINDOWS;C:\WINDOWS\System32\Wbem;C:\WINDOWS\System32\WindowsPowerShell\v1.0\;C:\Users\ducnx\AppData\Local\Microsoft\WindowsApps;C:\Program Files (x86)\Microsoft VS Code\bin
USERNAME=ducnx
OS=Windows_NT
PROCESSOR_IDENTIFIER=Intel64 Family 6 Model 60 Stepping 3, GenuineIntel



---------------  S Y S T E M  ---------------

OS: Windows 10.0 , 64 bit Build 15063 (10.0.15063.296)

CPU:total 4 (initial active 4) (2 cores per cpu, 2 threads per core) family 6 model 60 stepping 3, cmov, cx8, fxsr, mmx, sse, sse2, sse3, ssse3, sse4.1, sse4.2, popcnt, avx, avx2, aes, clmul, erms, lzcnt, ht, tsc, tscinvbit, bmi1, bmi2

Memory: 4k page, physical 6177796k(2765400k free), swap 7881732k(4044448k free)

vm_info: Java HotSpot(TM) Client VM (25.131-b11) for windows-x86 JRE (1.8.0_131-b11), built on Mar 15 2017 01:26:29 by "java_re" with MS VC++ 10.0 (VS2010)

time: Fri May 19 17:35:45 2017
elapsed time: 0 seconds (0d 0h 0m 0s)

