#
# A fatal error has been detected by the Java Runtime Environment:
#
#  EXCEPTION_ACCESS_VIOLATION (0xc0000005) at pc=0x045d1505, pid=3700, tid=0x000019ec
#
# JRE version: Java(TM) SE Runtime Environment (8.0_131-b11) (build 1.8.0_131-b11)
# Java VM: Java HotSpot(TM) Client VM (25.131-b11 mixed mode windows-x86 )
# Problematic frame:
# C  [rocksaw.dll+0x1505]
#
# Failed to write core dump. Minidumps are not enabled by default on client versions of Windows
#
# If you would like to submit a bug report, please visit:
#   http://bugreport.java.com/bugreport/crash.jsp
# The crash happened outside the Java Virtual Machine in native code.
# See problematic frame for where to report the bug.
#

---------------  T H R E A D  ---------------

Current thread (0x0221c800):  JavaThread "main" [_thread_in_native, id=6636, stack(0x021b0000,0x02200000)]

siginfo: ExceptionCode=0xc0000005, reading address 0x00000008

Registers:
EAX=0x00000001, EBX=0x14833100, ECX=0x00000000, EDX=0x14b46110
ESP=0x021ffb60, EBP=0x021ffb68, ESI=0x14833100, EDI=0x0221c800
EIP=0x045d1505, EFLAGS=0x00010202

Top of Stack: (sp=0x021ffb60)
0x021ffb60:   14c05608 00000000 021ffb9c 0246d3d3
0x021ffb70:   0221c940 021ffba4 021ffbac 021ffb7c
0x021ffb80:   00000000 021ffbac 14834e28 00000000
0x021ffb90:   14833100 00000000 021ffbac 021ffbd4
0x021ffba0:   024644e0 047cb158 02469d09 047e7438
0x021ffbb0:   04611358 021ffbb4 14832205 021ffbe0
0x021ffbc0:   14832380 00000000 14832230 021ffbac
0x021ffbd0:   021ffbe0 021ffbfc 02460697 047d5578 

Instructions: (pc=0x045d1505)
0x045d14e5:   60 5d 04 89 45 fc 8b 55 f8 52 8b 45 10 50 8b 4d
0x045d14f5:   08 51 8b 55 08 8b 02 ff 90 a8 02 00 00 8b 4d fc
0x045d1505:   0f bf 41 08 8b e5 5d c2 0c 00 cc 55 8b ec 81 ec
0x045d1515:   b4 00 00 00 c7 45 d8 00 00 00 00 83 7d 14 02 75 


Register to memory mapping:

EAX=0x00000001 is an unknown value
EBX={method} {0x14833104} 'getProtocolByName' '(Ljava/lang/String;)I' in 'com/savarese/rocksaw/net/RawSocket'
ECX=0x00000000 is an unknown value
EDX=0x14b46110 is an unknown value
ESP=0x021ffb60 is pointing into the stack for thread: 0x0221c800
EBP=0x021ffb68 is pointing into the stack for thread: 0x0221c800
ESI={method} {0x14833104} 'getProtocolByName' '(Ljava/lang/String;)I' in 'com/savarese/rocksaw/net/RawSocket'
EDI=0x0221c800 is a thread


Stack: [0x021b0000,0x02200000],  sp=0x021ffb60,  free space=318k
Native frames: (J=compiled Java code, j=interpreted, Vv=VM code, C=native code)
C  [rocksaw.dll+0x1505]
j  com.savarese.rocksaw.net.RawSocket.getProtocolByName(Ljava/lang/String;)I+0
j  Client.main([Ljava/lang/String;)V+37
v  ~StubRoutines::call_stub
V  [jvm.dll+0x15af45]
V  [jvm.dll+0x2213ae]
V  [jvm.dll+0x15afde]
V  [jvm.dll+0xdcb97]
V  [jvm.dll+0xe512f]
C  [java.exe+0x229e]
C  [java.exe+0xae9f]
C  [java.exe+0xaf29]
C  [KERNEL32.DLL+0x18744]
C  [ntdll.dll+0x6587d]
C  [ntdll.dll+0x6584d]
C  0x00000000

Java frames: (J=compiled Java code, j=interpreted, Vv=VM code)
j  com.savarese.rocksaw.net.RawSocket.getProtocolByName(Ljava/lang/String;)I+0
j  Client.main([Ljava/lang/String;)V+37
v  ~StubRoutines::call_stub

---------------  P R O C E S S  ---------------

Java Threads: ( => current thread )
  0x14b8c800 JavaThread "Service Thread" daemon [_thread_blocked, id=9596, stack(0x15180000,0x151d0000)]
  0x14b89000 JavaThread "C1 CompilerThread0" daemon [_thread_blocked, id=11232, stack(0x150f0000,0x15140000)]
  0x14b88400 JavaThread "Monitor Ctrl-Break" daemon [_thread_in_native, id=1540, stack(0x15060000,0x150b0000)]
  0x14b28800 JavaThread "Attach Listener" daemon [_thread_blocked, id=9020, stack(0x14fd0000,0x15020000)]
  0x14b26800 JavaThread "Signal Dispatcher" daemon [_thread_blocked, id=9348, stack(0x14f40000,0x14f90000)]
  0x14b0a000 JavaThread "Finalizer" daemon [_thread_blocked, id=10940, stack(0x14dc0000,0x14e10000)]
  0x14af4400 JavaThread "Reference Handler" daemon [_thread_blocked, id=10696, stack(0x14d30000,0x14d80000)]
=>0x0221c800 JavaThread "main" [_thread_in_native, id=6636, stack(0x021b0000,0x02200000)]

Other Threads:
  0x0245d000 VMThread [stack: 0x14aa0000,0x14af0000] [id=5764]
  0x14b91c00 WatcherThread [stack: 0x15210000,0x15260000] [id=7812]

VM state:not at safepoint (normal execution)

VM Mutex/Monitor currently owned by a thread: None

Heap:
 def new generation   total 4928K, used 1995K [0x04600000, 0x04b50000, 0x09b50000)
  eden space 4416K,  45% used [0x04600000, 0x047f2c28, 0x04a50000)
  from space 512K,   0% used [0x04a50000, 0x04a50000, 0x04ad0000)
  to   space 512K,   0% used [0x04ad0000, 0x04ad0000, 0x04b50000)
 tenured generation   total 10944K, used 0K [0x09b50000, 0x0a600000, 0x14600000)
   the space 10944K,   0% used [0x09b50000, 0x09b50000, 0x09b50200, 0x0a600000)
 Metaspace       used 2297K, capacity 2346K, committed 2368K, reserved 4480K

Card table byte_map: [0x044e0000,0x04570000] byte_map_base: 0x044bd000

Polling page: 0x00960000

CodeCache: size=32768Kb used=684Kb max_used=684Kb free=32083Kb
 bounds [0x02460000, 0x02510000, 0x04460000]
 total_blobs=168 nmethods=23 adapters=77
 compilation: enabled

Compilation events (10 events):
Event: 0.135 Thread 0x14b89000   18             java.lang.AbstractStringBuilder::append (29 bytes)
Event: 0.135 Thread 0x14b89000 nmethod 18 0x02508348 code [0x02508460, 0x02508668]
Event: 0.136 Thread 0x14b89000   19             sun.nio.cs.UTF_8$Encoder::encode (359 bytes)
Event: 0.137 Thread 0x14b89000 nmethod 19 0x02508808 code [0x02508950, 0x02508d98]
Event: 0.137 Thread 0x14b89000   20             java.lang.String::replace (127 bytes)
Event: 0.137 Thread 0x14b89000 nmethod 20 0x02509288 code [0x025093a0, 0x02509620]
Event: 0.138 Thread 0x14b89000   22             java.lang.String::lastIndexOf (52 bytes)
Event: 0.139 Thread 0x14b89000 nmethod 22 0x02509b48 code [0x02509c50, 0x02509d5c]
Event: 0.140 Thread 0x14b89000   23             sun.net.www.ParseUtil::encodePath (336 bytes)
Event: 0.140 Thread 0x14b89000 nmethod 23 0x02509e48 code [0x02509ff0, 0x0250a6b8]

GC Heap History (0 events):
No events

Deoptimization events (0 events):
No events

Internal exceptions (2 events):
Event: 0.040 Thread 0x0221c800 Exception <a 'java/lang/NoSuchMethodError': Method sun.misc.Unsafe.defineClass(Ljava/lang/String;[BII)Ljava/lang/Class; name or signature does not match> (0x04606e98) thrown at [C:\re\workspace\8-2-build-windows-i586-cygwin\jdk8u131\8869\hotspot\src\share
Event: 0.040 Thread 0x0221c800 Exception <a 'java/lang/NoSuchMethodError': Method sun.misc.Unsafe.prefetchRead(Ljava/lang/Object;J)V name or signature does not match> (0x04607168) thrown at [C:\re\workspace\8-2-build-windows-i586-cygwin\jdk8u131\8869\hotspot\src\share\vm\prims\jni.cpp,

Events (10 events):
Event: 0.141 loading class java/util/Formatter$FormatSpecifier
Event: 0.141 loading class java/util/Formatter$FormatString
Event: 0.141 loading class java/util/Formatter$FormatString done
Event: 0.141 loading class java/util/Formatter$FormatSpecifier done
Event: 0.141 loading class java/util/Formatter$Flags
Event: 0.141 loading class java/util/Formatter$Flags done
Event: 0.142 loading class java/util/Formatter$Conversion
Event: 0.142 loading class java/util/Formatter$Conversion done
Event: 0.142 loading class java/util/Formattable
Event: 0.142 loading class java/util/Formattable done


Dynamic libraries:
0x001e0000 - 0x00213000 	C:\Program Files (x86)\Java\jdk1.8.0_131\bin\java.exe
0x776d0000 - 0x7785e000 	C:\WINDOWS\SYSTEM32\ntdll.dll
0x741d0000 - 0x742a0000 	C:\WINDOWS\System32\KERNEL32.DLL
0x76ff0000 - 0x771b2000 	C:\WINDOWS\System32\KERNELBASE.dll
0x65c70000 - 0x65d03000 	C:\WINDOWS\SYSTEM32\apphelp.dll
0x74950000 - 0x749c7000 	C:\WINDOWS\System32\ADVAPI32.dll
0x74400000 - 0x744bd000 	C:\WINDOWS\System32\msvcrt.dll
0x75400000 - 0x75441000 	C:\WINDOWS\System32\sechost.dll
0x77610000 - 0x776d0000 	C:\WINDOWS\System32\RPCRT4.dll
0x741a0000 - 0x741c0000 	C:\WINDOWS\System32\SspiCli.dll
0x74190000 - 0x7419a000 	C:\WINDOWS\System32\CRYPTBASE.dll
0x743a0000 - 0x743f7000 	C:\WINDOWS\System32\bcryptPrimitives.dll
0x74dd0000 - 0x74f0c000 	C:\WINDOWS\System32\USER32.dll
0x76e50000 - 0x76e66000 	C:\WINDOWS\System32\win32u.dll
0x76fc0000 - 0x76fe1000 	C:\WINDOWS\System32\GDI32.dll
0x77330000 - 0x77489000 	C:\WINDOWS\System32\gdi32full.dll
0x75080000 - 0x750f9000 	C:\WINDOWS\System32\msvcp_win.dll
0x74a60000 - 0x74b78000 	C:\WINDOWS\System32\ucrtbase.dll
0x73ee0000 - 0x740ee000 	C:\WINDOWS\WinSxS\x86_microsoft.windows.common-controls_6595b64144ccf1df_6.0.15063.0_none_583b8639f462029f\COMCTL32.dll
0x74b90000 - 0x74dc8000 	C:\WINDOWS\System32\combase.dll
0x74370000 - 0x74395000 	C:\WINDOWS\System32\IMM32.DLL
0x736f0000 - 0x737af000 	C:\Program Files (x86)\Java\jdk1.8.0_131\jre\bin\msvcr100.dll
0x6e6e0000 - 0x6eaae000 	C:\Program Files (x86)\Java\jdk1.8.0_131\jre\bin\client\jvm.dll
0x753f0000 - 0x753f6000 	C:\WINDOWS\System32\PSAPI.DLL
0x74170000 - 0x74178000 	C:\WINDOWS\SYSTEM32\WSOCK32.dll
0x725e0000 - 0x72604000 	C:\WINDOWS\SYSTEM32\WINMM.dll
0x74180000 - 0x74188000 	C:\WINDOWS\SYSTEM32\VERSION.dll
0x744c0000 - 0x74527000 	C:\WINDOWS\System32\WS2_32.dll
0x724d0000 - 0x724f3000 	C:\WINDOWS\SYSTEM32\winmmbase.dll
0x74330000 - 0x74369000 	C:\WINDOWS\System32\cfgmgr32.dll
0x736e0000 - 0x736ec000 	C:\Program Files (x86)\Java\jdk1.8.0_131\jre\bin\verify.dll
0x736b0000 - 0x736d1000 	C:\Program Files (x86)\Java\jdk1.8.0_131\jre\bin\java.dll
0x73630000 - 0x73650000 	C:\Program Files (x86)\Java\jdk1.8.0_131\jre\bin\instrument.dll
0x73690000 - 0x736a3000 	C:\Program Files (x86)\Java\jdk1.8.0_131\jre\bin\zip.dll
0x75570000 - 0x768b8000 	C:\WINDOWS\System32\SHELL32.dll
0x749d0000 - 0x74a5c000 	C:\WINDOWS\System32\shcore.dll
0x768c0000 - 0x76e44000 	C:\WINDOWS\System32\windows.storage.dll
0x753a0000 - 0x753e5000 	C:\WINDOWS\System32\shlwapi.dll
0x77320000 - 0x7732e000 	C:\WINDOWS\System32\kernel.appcore.dll
0x75350000 - 0x75395000 	C:\WINDOWS\System32\powrprof.dll
0x75250000 - 0x75260000 	C:\WINDOWS\System32\profapi.dll
0x73610000 - 0x73626000 	C:\Program Files\JetBrains\IntelliJ IDEA 2017.1.2\bin\breakgen.dll
0x71ff0000 - 0x72006000 	C:\Program Files (x86)\Java\jdk1.8.0_131\jre\bin\net.dll
0x71fa0000 - 0x71fee000 	C:\WINDOWS\system32\mswsock.dll
0x045d0000 - 0x045da000 	D:\Repositories\Network Assignment\lib\rocksaw.dll
0x739f0000 - 0x73b4d000 	C:\WINDOWS\SYSTEM32\dbghelp.dll

VM Arguments:
jvm_args: -Djava.library.path=D:\Repositories\Network Assignment\lib -javaagent:C:\Program Files\JetBrains\IntelliJ IDEA 2017.1.2\lib\idea_rt.jar=50293:C:\Program Files\JetBrains\IntelliJ IDEA 2017.1.2\bin -Dfile.encoding=UTF-8 
java_command: Client
java_class_path (initial): C:\Program Files (x86)\Java\jdk1.8.0_131\jre\lib\charsets.jar;C:\Program Files (x86)\Java\jdk1.8.0_131\jre\lib\deploy.jar;C:\Program Files (x86)\Java\jdk1.8.0_131\jre\lib\ext\access-bridge-32.jar;C:\Program Files (x86)\Java\jdk1.8.0_131\jre\lib\ext\cldrdata.jar;C:\Program Files (x86)\Java\jdk1.8.0_131\jre\lib\ext\dnsns.jar;C:\Program Files (x86)\Java\jdk1.8.0_131\jre\lib\ext\jaccess.jar;C:\Program Files (x86)\Java\jdk1.8.0_131\jre\lib\ext\jfxrt.jar;C:\Program Files (x86)\Java\jdk1.8.0_131\jre\lib\ext\localedata.jar;C:\Program Files (x86)\Java\jdk1.8.0_131\jre\lib\ext\nashorn.jar;C:\Program Files (x86)\Java\jdk1.8.0_131\jre\lib\ext\sunec.jar;C:\Program Files (x86)\Java\jdk1.8.0_131\jre\lib\ext\sunjce_provider.jar;C:\Program Files (x86)\Java\jdk1.8.0_131\jre\lib\ext\sunmscapi.jar;C:\Program Files (x86)\Java\jdk1.8.0_131\jre\lib\ext\sunpkcs11.jar;C:\Program Files (x86)\Java\jdk1.8.0_131\jre\lib\ext\zipfs.jar;C:\Program Files (x86)\Java\jdk1.8.0_131\jre\lib\javaws.jar;C:\Program Files (x86)\Java\jdk1.8.0_131\jre\lib\jce.jar;C:\Program Files (x86)\Java\jdk1.8.0_131\jre\lib\jfr.jar;C:\Program Files (x86)\Java\jdk1.8.0_131\jre\lib\jfxswt.jar;C:\Program Files (x86)\Java\jdk1.8.0_131\jre\lib\jsse.jar;C:\Program Files (x86)\Java\jdk1.8.0_131\jre\lib\management-agent.jar;C:\Program Files (x86)\Java\jdk1.8.0_131\jre\lib\plugin.jar;C:\Program Files (x86)\Java\jdk1.8.0_131\jre\lib\resources.jar;C:\Program Files (x86)\Java\jdk1.8.0_131\jre\lib\rt.jar;D:\Repositories\Network Assignment\out\production\Network Assignment;D:\Repositories\Network Assignment\lib\rocksaw-1.0.1.jar;C:\Program Files\JetBrains\IntelliJ IDEA 2017.1.2\lib\idea_rt.jar
Launcher Type: SUN_STANDARD

Environment Variables:
PATH=C:\ProgramData\Oracle\Java\javapath;C:\Windows\system32;C:\Windows;C:\Windows\System32\Wbem;C:\Windows\System32\WindowsPowerShell\v1.0\;C:\Program Files (x86)\NVIDIA Corporation\PhysX\Common;C:\Android;C:\Program Files\Git\cmd;C:\WINDOWS\system32;C:\WINDOWS;C:\WINDOWS\System32\Wbem;C:\WINDOWS\System32\WindowsPowerShell\v1.0\;C:\Users\ducnx\AppData\Local\Microsoft\WindowsApps;;C:\Program Files (x86)\Microsoft VS Code\bin
USERNAME=ducnx
OS=Windows_NT
PROCESSOR_IDENTIFIER=Intel64 Family 6 Model 60 Stepping 3, GenuineIntel



---------------  S Y S T E M  ---------------

OS: Windows 10.0 , 64 bit Build 15063 (10.0.15063.296)

CPU:total 4 (initial active 4) (2 cores per cpu, 2 threads per core) family 6 model 60 stepping 3, cmov, cx8, fxsr, mmx, sse, sse2, sse3, ssse3, sse4.1, sse4.2, popcnt, avx, avx2, aes, clmul, erms, lzcnt, ht, tsc, tscinvbit, bmi1, bmi2

Memory: 4k page, physical 6177796k(2688472k free), swap 7881732k(4070048k free)

vm_info: Java HotSpot(TM) Client VM (25.131-b11) for windows-x86 JRE (1.8.0_131-b11), built on Mar 15 2017 01:26:29 by "java_re" with MS VC++ 10.0 (VS2010)

time: Wed May 17 10:41:46 2017
elapsed time: 0 seconds (0d 0h 0m 0s)

